[0.389s] Invoking command in '/home/santosh_ws/src/robot_description': PYTHONPATH=/home/santosh_ws/build/robot_description/prefix_override:/home/santosh_ws/install/robot_description/lib/python3.10/site-packages:${PYTHONPATH} /usr/bin/python3 -W ignore:setup.py install is deprecated setup.py egg_info --egg-base ../../build/robot_description build --build-base /home/santosh_ws/build/robot_description/build install --record /home/santosh_ws/build/robot_description/install.log --single-version-externally-managed install_data
[0.511s] running egg_info
[0.512s] creating ../../build/robot_description/robot_description.egg-info
[0.512s] writing ../../build/robot_description/robot_description.egg-info/PKG-INFO
[0.512s] writing dependency_links to ../../build/robot_description/robot_description.egg-info/dependency_links.txt
[0.512s] writing entry points to ../../build/robot_description/robot_description.egg-info/entry_points.txt
[0.512s] writing requirements to ../../build/robot_description/robot_description.egg-info/requires.txt
[0.512s] writing top-level names to ../../build/robot_description/robot_description.egg-info/top_level.txt
[0.512s] writing manifest file '../../build/robot_description/robot_description.egg-info/SOURCES.txt'
[0.513s] reading manifest file '../../build/robot_description/robot_description.egg-info/SOURCES.txt'
[0.513s] writing manifest file '../../build/robot_description/robot_description.egg-info/SOURCES.txt'
[0.513s] running build
[0.513s] running build_py
[0.513s] creating /home/santosh_ws/build/robot_description/build
[0.514s] creating /home/santosh_ws/build/robot_description/build/lib
[0.514s] creating /home/santosh_ws/build/robot_description/build/lib/robot_description
[0.514s] copying robot_description/__init__.py -> /home/santosh_ws/build/robot_description/build/lib/robot_description
[0.514s] running install
[0.514s] running install_lib
[0.514s] creating /home/santosh_ws/install/robot_description/lib/python3.10/site-packages/robot_description
[0.514s] copying /home/santosh_ws/build/robot_description/build/lib/robot_description/__init__.py -> /home/santosh_ws/install/robot_description/lib/python3.10/site-packages/robot_description
[0.514s] byte-compiling /home/santosh_ws/install/robot_description/lib/python3.10/site-packages/robot_description/__init__.py to __init__.cpython-310.pyc
[0.514s] running install_data
[0.515s] creating /home/santosh_ws/install/robot_description/share/ament_index
[0.515s] creating /home/santosh_ws/install/robot_description/share/ament_index/resource_index
[0.515s] creating /home/santosh_ws/install/robot_description/share/ament_index/resource_index/packages
[0.515s] copying resource/robot_description -> /home/santosh_ws/install/robot_description/share/ament_index/resource_index/packages
[0.515s] copying package.xml -> /home/santosh_ws/install/robot_description/share/robot_description
[0.515s] creating /home/santosh_ws/install/robot_description/share/robot_description/urdf
[0.515s] copying urdf/robot.urdf -> /home/santosh_ws/install/robot_description/share/robot_description/urdf
[0.515s] creating /home/santosh_ws/install/robot_description/share/robot_description/launch
[0.515s] copying launch/display.launch.py -> /home/santosh_ws/install/robot_description/share/robot_description/launch
[0.515s] creating /home/santosh_ws/install/robot_description/share/robot_description/config
[0.515s] copying config/config.rviz -> /home/santosh_ws/install/robot_description/share/robot_description/config
[0.515s] running install_egg_info
[0.516s] Copying ../../build/robot_description/robot_description.egg-info to /home/santosh_ws/install/robot_description/lib/python3.10/site-packages/robot_description-0.0.0-py3.10.egg-info
[0.516s] running install_scripts
[0.532s] writing list of installed files to '/home/santosh_ws/build/robot_description/install.log'
[0.546s] Invoked command in '/home/santosh_ws/src/robot_description' returned '0': PYTHONPATH=/home/santosh_ws/build/robot_description/prefix_override:/home/santosh_ws/install/robot_description/lib/python3.10/site-packages:${PYTHONPATH} /usr/bin/python3 -W ignore:setup.py install is deprecated setup.py egg_info --egg-base ../../build/robot_description build --build-base /home/santosh_ws/build/robot_description/build install --record /home/santosh_ws/build/robot_description/install.log --single-version-externally-managed install_data
